Sun Oct 25 20:59:19 2020: Start Game...
Sun Oct 25 21:01:16 2020: Start Game...
Sun Oct 25 21:01:22 2020: Player = Ricky
Sun Oct 25 21:02:03 2020: Game Over! Ricky won
Sun Oct 25 21:02:03 2020: Winner recorded.
Sat Oct 31 19:16:29 2020: Start Game...
Sat Oct 31 19:21:58 2020: Start Game...
Sat Oct 31 19:24:03 2020: Start Game...
Sat Oct 31 19:24:51 2020: Player = Amy
Sat Oct 31 19:33:06 2020: Game Over! Amy won
Sat Oct 31 19:33:06 2020: Winner recorded.
Sat Oct 31 19:33:39 2020: Start Game...
Sat Oct 31 19:33:52 2020: Player = Ricky
Sat Oct 31 19:34:53 2020: Start Game...
Sat Oct 31 19:35:01 2020: Player = Ricky
Sat Oct 31 19:36:12 2020: Start Game...
Sat Oct 31 19:36:22 2020: Player = Ricky
Sat Oct 31 19:36:34 2020: Start Game...
Sat Oct 31 19:36:38 2020: Player = Ricky
Sat Oct 31 19:36:54 2020: Game Over! Ricky won
Sat Oct 31 19:36:54 2020: Winner recorded.
Sat Oct 31 19:38:11 2020: Start Game...
Sat Oct 31 19:38:16 2020: Player = Ricky
Sat Oct 31 19:38:32 2020: Game Over! Ricky won
Sat Oct 31 19:38:32 2020: Winner recorded.
Sat Oct 31 19:39:56 2020: Start Game...
Sat Oct 31 19:40:10 2020: Player = Amy
Sat Oct 31 19:40:23 2020: Game Over! Amy won
Sat Oct 31 19:40:23 2020: Winner recorded.
